  [1m[35m (267.5ms)[0m  [1m[35mCREATE DATABASE "wishlist_api_development" ENCODING = 'unicode'[0m
  [1m[35m (265.9ms)[0m  [1m[35mCREATE DATABASE "wishlist_api_test" ENCODING = 'unicode'[0m
  [1m[35m (7.1ms)[0m  [1m[35mCREATE TABLE "schema_migrations" ("version" character varying NOT NULL PRIMARY KEY)[0m
  [1m[35m (4.9ms)[0m  [1m[35mCREATE TABLE "ar_internal_metadata" ("key" character varying NOT NULL PRIMARY KEY, "value" character varying, "created_at" timestamp(6) NOT NULL, "updated_at" timestamp(6) NOT NULL)[0m
  [1m[35m (0.1ms)[0m  [1m[34mSELECT pg_try_advisory_lock(4262064300734427285)[0m
  [1m[35m (0.4ms)[0m  [1m[34mSELECT "schema_migrations"."version" FROM "schema_migrations" ORDER BY "schema_migrations"."version" ASC[0m
Migrating to CreateWishlists (20200403184327)
  [1m[35m (0.1ms)[0m  [1m[35mBEGIN[0m
  [1m[35m (5.3ms)[0m  [1m[35mCREATE TABLE "wishlists" ("id" bigserial primary key, "user" character varying, "email" character varying, "need_list" character varying, "have_list" character varying, "where_to_find" character varying, "created_at" timestamp(6) NOT NULL, "updated_at" timestamp(6) NOT NULL)[0m
  [1m[36mprimary::SchemaMigration Create (0.3ms)[0m  [1m[32mINSERT INTO "schema_migrations" ("version") VALUES ($1) RETURNING "version"[0m  [["version", "20200403184327"]]
  [1m[35m (1.0ms)[0m  [1m[35mCOMMIT[0m
  [1m[36mActiveRecord::InternalMetadata Load (0.2ms)[0m  [1m[34mSELECT "ar_internal_metadata".* FROM "ar_internal_metadata" WHERE "ar_internal_metadata"."key" = $1 LIMIT $2[0m  [["key", "environment"], ["LIMIT", 1]]
  [1m[35m (0.1ms)[0m  [1m[35mBEGIN[0m
  [1m[36mActiveRecord::InternalMetadata Create (2.4ms)[0m  [1m[32mINSERT INTO "ar_internal_metadata" ("key", "value", "created_at", "updated_at") VALUES ($1, $2, $3, $4) RETURNING "key"[0m  [["key", "environment"], ["value", "development"], ["created_at", "2020-04-03 18:44:19.398805"], ["updated_at", "2020-04-03 18:44:19.398805"]]
  [1m[35m (0.7ms)[0m  [1m[35mCOMMIT[0m
  [1m[35m (0.2ms)[0m  [1m[34mSELECT pg_advisory_unlock(4262064300734427285)[0m
  [1m[35m (0.4ms)[0m  [1m[34mSELECT "schema_migrations"."version" FROM "schema_migrations" ORDER BY "schema_migrations"."version" ASC[0m
  [1m[35m (0.4ms)[0m  [1m[34mSELECT "schema_migrations"."version" FROM "schema_migrations" ORDER BY "schema_migrations"."version" ASC[0m
  [1m[35m (0.2ms)[0m  [1m[35mBEGIN[0m
  [1m[36mWishlist Create (0.5ms)[0m  [1m[32mINSERT INTO "wishlists" ("user", "email", "need_list", "have_list", "where_to_find", "created_at", "updated_at") VALUES ($1, $2, $3, $4, $5, $6, $7) RETURNING "id"[0m  [["user", "Ric"], ["email", "example@example.com"], ["need_list", "Toilet paper, paper towels, pizza, peace of mind"], ["have_list", "Bottled water, cookies, coffee"], ["where_to_find", "Ric's Bachelor Pad"], ["created_at", "2020-04-03 18:45:37.760966"], ["updated_at", "2020-04-03 18:45:37.760966"]]
  [1m[35m (4.7ms)[0m  [1m[35mCOMMIT[0m
  [1m[35m (0.1ms)[0m  [1m[35mBEGIN[0m
  [1m[36mWishlist Create (0.3ms)[0m  [1m[32mINSERT INTO "wishlists" ("user", "email", "need_list", "have_list", "where_to_find", "created_at", "updated_at") VALUES ($1, $2, $3, $4, $5, $6, $7) RETURNING "id"[0m  [["user", "Vikram"], ["email", "example2@example.com"], ["need_list", "Toilet paper, dish soap, reasons to stay awake"], ["have_list", "Gasoline, energy drinks, paper towels"], ["where_to_find", "Vikram's Bounce House"], ["created_at", "2020-04-03 18:45:37.770711"], ["updated_at", "2020-04-03 18:45:37.770711"]]
  [1m[35m (0.7ms)[0m  [1m[35mCOMMIT[0m
  [1m[36mWishlist Load (0.3ms)[0m  [1m[34mSELECT "wishlists".* FROM "wishlists"[0m
